<?xml version="1.0" encoding="UTF-8"?>
<!-- Generated by org.testng.reporters.JUnitReportReporter -->
<testsuite hostname="wikia-PC" name="com.wikia.webdriver.TestCases.AdminDashboardTests.editingLocalCssTests" tests="1" failures="0" timestamp="31 May 2013 12:11:22 GMT" time="105.592" errors="0">
  <testcase name="editingLocalCss_001" time="105.592" classname="com.wikia.webdriver.TestCases.AdminDashboardTests.editingLocalCssTests"/>
</testsuite> <!-- com.wikia.webdriver.TestCases.AdminDashboardTests.editingLocalCssTests -->
